2024-01-27 12:49:32,204 CRIT Supervisor is running as root.  Privileges were not dropped because no user is specified in the config file.  If you intend to run as root, you can set user=root in the config file to avoid this message.
2024-01-27 12:49:32,214 INFO supervisord started with pid 15
2024-01-27 12:49:33,216 INFO spawnerr: can't find command 'scripts/api_application.sh'
2024-01-27 12:49:33,217 INFO spawnerr: can't find command 'scripts/prefect_agent.sh'
2024-01-27 12:49:33,219 INFO spawnerr: can't find command 'scripts/prefect_deployment.sh'
2024-01-27 12:49:33,223 INFO spawned: 'prefect_server_start' with pid 16
2024-01-27 12:49:33,225 INFO spawnerr: can't find command 'scripts/run_main_flow.sh'
2024-01-27 12:49:34,227 INFO spawnerr: can't find command 'scripts/api_application.sh'
2024-01-27 12:49:34,228 INFO spawnerr: can't find command 'scripts/prefect_agent.sh'
2024-01-27 12:49:34,229 INFO spawnerr: can't find command 'scripts/prefect_deployment.sh'
2024-01-27 12:49:34,229 INFO success: prefect_server_start entered RUNNING state, process has stayed up for > than 1 seconds (startsecs)
2024-01-27 12:49:34,230 INFO spawnerr: can't find command 'scripts/run_main_flow.sh'
2024-01-27 12:49:36,233 INFO spawnerr: can't find command 'scripts/api_application.sh'
2024-01-27 12:49:36,234 INFO spawnerr: can't find command 'scripts/prefect_agent.sh'
2024-01-27 12:49:36,234 INFO spawnerr: can't find command 'scripts/prefect_deployment.sh'
2024-01-27 12:49:36,235 INFO spawnerr: can't find command 'scripts/run_main_flow.sh'
2024-01-27 12:49:39,437 INFO spawnerr: can't find command 'scripts/api_application.sh'
2024-01-27 12:49:39,437 INFO gave up: api_application entered FATAL state, too many start retries too quickly
2024-01-27 12:49:39,438 INFO spawnerr: can't find command 'scripts/prefect_agent.sh'
2024-01-27 12:49:39,439 INFO gave up: prefect_agent entered FATAL state, too many start retries too quickly
2024-01-27 12:49:39,439 INFO spawnerr: can't find command 'scripts/prefect_deployment.sh'
2024-01-27 12:49:39,440 INFO gave up: prefect_deployment entered FATAL state, too many start retries too quickly
2024-01-27 12:49:39,441 INFO spawnerr: can't find command 'scripts/run_main_flow.sh'
2024-01-27 12:49:39,441 INFO gave up: run_main_flow entered FATAL state, too many start retries too quickly
2024-01-27 12:51:24,929 CRIT Supervisor is running as root.  Privileges were not dropped because no user is specified in the config file.  If you intend to run as root, you can set user=root in the config file to avoid this message.
2024-01-27 12:51:24,935 INFO supervisord started with pid 15
2024-01-27 12:51:25,938 INFO spawned: 'api_application' with pid 16
2024-01-27 12:51:25,940 INFO spawned: 'prefect_agent' with pid 17
2024-01-27 12:51:25,942 INFO spawned: 'prefect_deployment' with pid 18
2024-01-27 12:51:25,944 INFO spawned: 'prefect_server_start' with pid 20
2024-01-27 12:51:25,946 INFO spawned: 'run_main_flow' with pid 22
2024-01-27 12:51:26,949 INFO success: api_application entered RUNNING state, process has stayed up for > than 1 seconds (startsecs)
2024-01-27 12:51:26,949 INFO success: prefect_agent entered RUNNING state, process has stayed up for > than 1 seconds (startsecs)
2024-01-27 12:51:26,950 INFO success: prefect_deployment entered RUNNING state, process has stayed up for > than 1 seconds (startsecs)
2024-01-27 12:51:26,950 INFO success: prefect_server_start entered RUNNING state, process has stayed up for > than 1 seconds (startsecs)
2024-01-27 12:51:26,950 INFO success: run_main_flow entered RUNNING state, process has stayed up for > than 1 seconds (startsecs)
2024-01-27 12:51:37,050 INFO exited: run_main_flow (exit status 0; expected)
2024-01-27 12:51:48,066 INFO exited: prefect_deployment (exit status 0; expected)
2024-01-27 13:06:51,283 CRIT Supervisor is running as root.  Privileges were not dropped because no user is specified in the config file.  If you intend to run as root, you can set user=root in the config file to avoid this message.
2024-01-27 13:06:51,288 INFO supervisord started with pid 15
2024-01-27 13:06:52,292 INFO spawned: 'api_application' with pid 16
2024-01-27 13:06:52,295 INFO spawned: 'prefect_agent' with pid 17
2024-01-27 13:06:52,297 INFO spawned: 'prefect_deployment' with pid 18
2024-01-27 13:06:52,298 INFO spawned: 'prefect_server_start' with pid 20
2024-01-27 13:06:52,300 INFO spawned: 'run_main_flow' with pid 22
2024-01-27 13:06:53,302 INFO success: api_application entered RUNNING state, process has stayed up for > than 1 seconds (startsecs)
2024-01-27 13:06:53,303 INFO success: prefect_agent entered RUNNING state, process has stayed up for > than 1 seconds (startsecs)
2024-01-27 13:06:53,303 INFO success: prefect_deployment entered RUNNING state, process has stayed up for > than 1 seconds (startsecs)
2024-01-27 13:06:53,303 INFO success: prefect_server_start entered RUNNING state, process has stayed up for > than 1 seconds (startsecs)
2024-01-27 13:06:53,303 INFO success: run_main_flow entered RUNNING state, process has stayed up for > than 1 seconds (startsecs)
2024-01-27 13:07:01,863 INFO exited: run_main_flow (exit status 0; expected)
2024-01-27 13:07:14,482 INFO exited: prefect_deployment (exit status 0; expected)
2024-01-27 13:17:26,206 CRIT Supervisor is running as root.  Privileges were not dropped because no user is specified in the config file.  If you intend to run as root, you can set user=root in the config file to avoid this message.
2024-01-27 13:17:26,212 INFO supervisord started with pid 15
2024-01-27 13:17:27,214 INFO spawned: 'api_application' with pid 16
2024-01-27 13:17:27,216 INFO spawned: 'prefect_agent' with pid 17
2024-01-27 13:17:27,218 INFO spawned: 'prefect_deployment' with pid 18
2024-01-27 13:17:27,220 INFO spawned: 'prefect_server_start' with pid 20
2024-01-27 13:17:27,222 INFO spawned: 'run_main_flow' with pid 22
2024-01-27 13:17:28,224 INFO success: api_application entered RUNNING state, process has stayed up for > than 1 seconds (startsecs)
2024-01-27 13:17:28,224 INFO success: prefect_agent entered RUNNING state, process has stayed up for > than 1 seconds (startsecs)
2024-01-27 13:17:28,224 INFO success: prefect_deployment entered RUNNING state, process has stayed up for > than 1 seconds (startsecs)
2024-01-27 13:17:28,225 INFO success: prefect_server_start entered RUNNING state, process has stayed up for > than 1 seconds (startsecs)
2024-01-27 13:17:28,225 INFO success: run_main_flow entered RUNNING state, process has stayed up for > than 1 seconds (startsecs)
2024-01-27 13:17:36,712 INFO exited: run_main_flow (exit status 0; expected)
2024-01-27 13:17:49,404 INFO exited: prefect_deployment (exit status 0; expected)
2024-01-27 13:21:45,031 CRIT Supervisor is running as root.  Privileges were not dropped because no user is specified in the config file.  If you intend to run as root, you can set user=root in the config file to avoid this message.
2024-01-27 13:21:45,036 INFO supervisord started with pid 15
2024-01-27 13:21:46,039 INFO spawned: 'api_application' with pid 16
2024-01-27 13:21:46,041 INFO spawned: 'prefect_agent' with pid 17
2024-01-27 13:21:46,042 INFO spawned: 'prefect_deployment' with pid 18
2024-01-27 13:21:46,044 INFO spawned: 'prefect_server_start' with pid 20
2024-01-27 13:21:46,046 INFO spawned: 'run_main_flow' with pid 22
2024-01-27 13:21:47,048 INFO success: api_application entered RUNNING state, process has stayed up for > than 1 seconds (startsecs)
2024-01-27 13:21:47,048 INFO success: prefect_agent entered RUNNING state, process has stayed up for > than 1 seconds (startsecs)
2024-01-27 13:21:47,048 INFO success: prefect_deployment entered RUNNING state, process has stayed up for > than 1 seconds (startsecs)
2024-01-27 13:21:47,049 INFO success: prefect_server_start entered RUNNING state, process has stayed up for > than 1 seconds (startsecs)
2024-01-27 13:21:47,049 INFO success: run_main_flow entered RUNNING state, process has stayed up for > than 1 seconds (startsecs)
2024-01-27 13:21:55,397 INFO exited: run_main_flow (exit status 0; expected)
2024-01-27 13:22:08,209 INFO exited: prefect_deployment (exit status 0; expected)
2024-01-27 14:01:48,488 CRIT Supervisor is running as root.  Privileges were not dropped because no user is specified in the config file.  If you intend to run as root, you can set user=root in the config file to avoid this message.
2024-01-27 14:01:48,493 INFO supervisord started with pid 15
2024-01-27 14:01:49,498 INFO spawned: 'api_application' with pid 16
2024-01-27 14:01:49,500 INFO spawned: 'prefect_agent' with pid 17
2024-01-27 14:01:49,501 INFO spawned: 'prefect_deployment' with pid 18
2024-01-27 14:01:49,503 INFO spawned: 'prefect_server_start' with pid 20
2024-01-27 14:01:49,505 INFO spawned: 'run_main_flow' with pid 22
2024-01-27 14:01:50,507 INFO success: api_application entered RUNNING state, process has stayed up for > than 1 seconds (startsecs)
2024-01-27 14:01:50,508 INFO success: prefect_agent entered RUNNING state, process has stayed up for > than 1 seconds (startsecs)
2024-01-27 14:01:50,508 INFO success: prefect_deployment entered RUNNING state, process has stayed up for > than 1 seconds (startsecs)
2024-01-27 14:01:50,508 INFO success: prefect_server_start entered RUNNING state, process has stayed up for > than 1 seconds (startsecs)
2024-01-27 14:01:50,508 INFO success: run_main_flow entered RUNNING state, process has stayed up for > than 1 seconds (startsecs)
2024-01-27 14:01:59,566 INFO exited: run_main_flow (exit status 0; expected)
2024-01-27 14:02:11,699 INFO exited: prefect_deployment (exit status 0; expected)
